<?xml version="1.0" encoding="UTF-8"?>
<!-- Generated by org.testng.reporters.JUnitReportReporter -->
<testsuite hostname="VA2W10328036" failures="0" tests="2" name="testScript.LoginPageTest" time="2.208" errors="0" timestamp="2025-02-17T21:36:37 IST" skipped="0">
  <testcase classname="testScript.LoginPageTest" name="getURL" time="0.976"/>
  <testcase classname="testScript.LoginPageTest" name="login" time="1.232"/>
</testsuite> <!-- testScript.LoginPageTest -->
