<?xml version="1.0" encoding="UTF-8"?>
<!-- Generated by org.testng.reporters.JUnitReportReporter -->
<testsuite hostname="VA2W10328036" failures="0" tests="2" name="testScript.LoginPageTest" time="2.415" errors="0" timestamp="2025-02-20T12:36:02 IST" skipped="0">
  <testcase classname="testScript.LoginPageTest" name="login" time="1.771"/>
  <testcase classname="testScript.LoginPageTest" name="getURL" time="0.644"/>
</testsuite> <!-- testScript.LoginPageTest -->
