<?xml version="1.0" encoding="UTF-8"?>
<!-- Generated by org.testng.reporters.JUnitReportReporter -->
<testsuite hostname="VA2W10328036" failures="0" tests="2" name="testScript.LoginPageTest" time="1.170" errors="0" timestamp="2025-02-20T16:28:32 IST" skipped="0">
  <testcase classname="testScript.LoginPageTest" name="login" time="0.958"/>
  <testcase classname="testScript.LoginPageTest" name="getURL" time="0.212"/>
</testsuite> <!-- testScript.LoginPageTest -->
